<?xml version="1.0" encoding="UTF-8"?>
<!-- Generated by org.testng.reporters.JUnitReportReporter -->
<testsuite hostname="LTIN496454" failures="0" tests="6" name="com.testing.scenario.TestNGMain" time="8.788" errors="0" timestamp="2025-07-08T14:52:56 IST" skipped="0">
  <testcase classname="com.testing.scenario.TestNGMain" name="navigatingToHomePage" time="3.565"/>
  <testcase classname="com.testing.scenario.TestNGMain" name="navigatingToHomePage" time="3.403"/>
  <testcase classname="com.testing.scenario.TestNGMain" name="projectList" time="0.314"/>
  <testcase classname="com.testing.scenario.TestNGMain" name="projectList" time="0.383"/>
  <testcase classname="com.testing.scenario.TestNGMain" name="navigatingToEnquiry" time="0.596"/>
  <testcase classname="com.testing.scenario.TestNGMain" name="navigatingToEnquiry" time="0.527"/>
</testsuite> <!-- com.testing.scenario.TestNGMain -->
